#
# There is insufficient memory for the Java Runtime Environment to continue.
# Native memory allocation (mmap) failed to map 134217728 bytes for G1 virtual space
# Possible reasons:
#   The system is out of physical RAM or swap space
#   The process is running with CompressedOops enabled, and the Java Heap may be blocking the growth of the native heap
# Possible solutions:
#   Reduce memory load on the system
#   Increase physical memory or swap space
#   Check if swap backing store is full
#   Decrease Java heap size (-Xmx/-Xms)
#   Decrease number of Java threads
#   Decrease Java thread stack sizes (-Xss)
#   Set larger code cache with -XX:ReservedCodeCacheSize=
#   JVM is running with Unscaled Compressed Oops mode in which the Java heap is
#     placed in the first 4GB address space. The Java Heap base address is the
#     maximum limit for the native heap growth. Please use -XX:HeapBaseMinAddress
#     to set the Java Heap base and to place the Java Heap above 4GB virtual address.
# This output file may be truncated or incomplete.
#
#  Out of Memory Error (./src/hotspot/os/windows/os_windows.cpp:3472), pid=32684, tid=31928
#
# JRE version:  (15.0+36) (build )
# Java VM: OpenJDK 64-Bit Server VM (15+36, mixed mode, sharing, tiered, compressed oops, g1 gc, windows-amd64)
# No core dump will be written. Minidumps are not enabled by default on client versions of Windows
#

---------------  S U M M A R Y ------------

Command Line: -Dfile.encoding=UTF-8 -XX:+ShowCodeDetailsInExceptionMessages br.com.cotacao.controller.test

Host: Intel(R) Core(TM) i5-3230M CPU @ 2.60GHz, 4 cores, 7G,  Windows 10 , 64 bit Build 18362 (10.0.18362.1110)
Time: Wed Oct 28 19:19:11 2020 Hora Padrão de Buenos Aires elapsed time: 0.288125 seconds (0d 0h 0m 0s)

---------------  T H R E A D  ---------------

Current thread (0x000002c8d5630720):  JavaThread "Unknown thread" [_thread_in_vm, id=31928, stack(0x000000e383d00000,0x000000e383e00000)]

Stack: [0x000000e383d00000,0x000000e383e00000]
Native frames: (J=compiled Java code, j=interpreted, Vv=VM code, C=native code)
V  [jvm.dll+0x5f1c4a]
V  [jvm.dll+0x78f3b9]
V  [jvm.dll+0x790b13]
V  [jvm.dll+0x791163]
V  [jvm.dll+0x1fb3f8]
V  [jvm.dll+0x5ef04a]
V  [jvm.dll+0x5e3be5]
V  [jvm.dll+0x2b48cd]
V  [jvm.dll+0x2b4732]
V  [jvm.dll+0x2ba59c]
V  [jvm.dll+0x304eb8]
V  [jvm.dll+0x304574]
V  [jvm.dll+0x28bb4a]
V  [jvm.dll+0x28ccb0]
V  [jvm.dll+0x76d141]
V  [jvm.dll+0x312d24]
V  [jvm.dll+0x74e4cc]
V  [jvm.dll+0x38e15f]
V  [jvm.dll+0x38fe01]
C  [jli.dll+0x5243]
C  [ucrtbase.dll+0x210b2]
C  [KERNEL32.DLL+0x17c24]
C  [ntdll.dll+0x6cea1]


---------------  P R O C E S S  ---------------

Threads class SMR info:
_java_thread_list=0x00007ffd35a16a00, length=0, elements={
}

Java Threads: ( => current thread )

Other Threads:
  0x000002c8d56725a0 GCTaskThread "GC Thread#0" [stack: 0x000000e383e00000,0x000000e383f00000] [id=25208]
  0x000002c8d56843d0 ConcurrentGCThread "G1 Main Marker" [stack: 0x000000e383f00000,0x000000e384000000] [id=12428]
  0x000002c8d5685830 ConcurrentGCThread "G1 Conc#0" [stack: 0x000000e384000000,0x000000e384100000] [id=31820]

[error occurred during error reporting (printing all threads), id 0xc0000005, EXCEPTION_ACCESS_VIOLATION (0xc0000005) at pc=0x00007ffd351ccb97]

VM state: not at safepoint (not fully initialized)

VM Mutex/Monitor currently owned by a thread:  ([mutex/lock_event])
[0x000002c8d562d560] Heap_lock - owner thread: 0x000002c8d5630720

Heap address: 0x0000000081e00000, size: 2018 MB, Compressed Oops mode: 32-bit
CDS archive(s) mapped at: [0x0000000000000000-0x0000000000000000-0x0000000000000000), size 0, SharedBaseAddress: 0x0000000800000000, ArchiveRelocationMode: 0.
Narrow klass base: 0x0000000000000000, Narrow klass shift: 0, Narrow klass range: 0x0

Heap:
 garbage-first heap   total 131072K, used 0K [0x0000000081e00000, 0x0000000100000000)
  region size 1024K, 0 young (0K), 0 survivors (0K)
 Metaspace       used 0K, capacity 0K, committed 0K, reserved 0K
  class space    used 0K, capacity 0K, committed 0K, reserved 0K

Heap Regions: E=young(eden), S=young(survivor), O=old, HS=humongous(starts), HC=humongous(continues), CS=collection set, F=free, OA=open archive, CA=closed archive, TAMS=top-at-mark-start (previous, next)

Card table byte_map: [0x000002c8ecf30000,0x000002c8ed330000] _byte_map_base: 0x000002c8ecb21000

Marking Bits (Prev, Next): (CMBitMap*) 0x000002c8d5673d30, (CMBitMap*) 0x000002c8d5673d70
 Prev Bits: [0x000002c8ed730000, 0x000002c8ef6b8000)
 Next Bits: [0x000002c8ef6c0000, 0x000002c8f1648000)

GC Heap History (0 events):
No events

Deoptimization events (0 events):
No events

Classes unloaded (0 events):
No events

Classes redefined (0 events):
No events

Internal exceptions (0 events):
No events

Events (1 events):
Event: 0.020 Loaded shared library C:\Program Files\AdoptOpenJDK\jdk-15.0.0.36-hotspot\bin\java.dll


Dynamic libraries:
0x00007ff740df0000 - 0x00007ff740dfd000 	C:\Program Files\AdoptOpenJDK\jdk-15.0.0.36-hotspot\bin\javaw.exe
0x00007ffd9fac0000 - 0x00007ffd9fcb0000 	C:\WINDOWS\SYSTEM32\ntdll.dll
0x00007ffd9df30000 - 0x00007ffd9dfe2000 	C:\WINDOWS\System32\KERNEL32.DLL
0x00007ffd9cb30000 - 0x00007ffd9cdd5000 	C:\WINDOWS\System32\KERNELBASE.dll
0x00007ffd9ceb0000 - 0x00007ffd9cfaa000 	C:\WINDOWS\System32\ucrtbase.dll
0x00007ffd6b110000 - 0x00007ffd6b128000 	C:\Program Files\AdoptOpenJDK\jdk-15.0.0.36-hotspot\bin\jli.dll
0x00007ffd9ef10000 - 0x00007ffd9f0a4000 	C:\WINDOWS\System32\USER32.dll
0x00007ffd9db90000 - 0x00007ffd9dbb1000 	C:\WINDOWS\System32\win32u.dll
0x00007ffd6b0f0000 - 0x00007ffd6b105000 	C:\Program Files\AdoptOpenJDK\jdk-15.0.0.36-hotspot\bin\VCRUNTIME140.dll
0x00007ffd9eb90000 - 0x00007ffd9ebb6000 	C:\WINDOWS\System32\GDI32.dll
0x00007ffd9d7b0000 - 0x00007ffd9d946000 	C:\WINDOWS\System32\gdi32full.dll
0x00007ffd9daf0000 - 0x00007ffd9db8e000 	C:\WINDOWS\System32\msvcp_win.dll
0x00007ffd7ed50000 - 0x00007ffd7efd4000 	C:\WINDOWS\WinSxS\amd64_microsoft.windows.common-controls_6595b64144ccf1df_6.0.18362.1139_none_9e7bf2d3e4605ac6\COMCTL32.dll
0x00007ffd9ec60000 - 0x00007ffd9ecfe000 	C:\WINDOWS\System32\msvcrt.dll
0x00007ffd9dbf0000 - 0x00007ffd9df25000 	C:\WINDOWS\System32\combase.dll
0x00007ffd9e840000 - 0x00007ffd9e960000 	C:\WINDOWS\System32\RPCRT4.dll
0x00007ffd9cfb0000 - 0x00007ffd9d030000 	C:\WINDOWS\System32\bcryptPrimitives.dll
0x00007ffd9fa50000 - 0x00007ffd9fa7e000 	C:\WINDOWS\System32\IMM32.DLL
0x00007ffd5a020000 - 0x00007ffd5a0bb000 	C:\Program Files\AdoptOpenJDK\jdk-15.0.0.36-hotspot\bin\msvcp140.dll
0x00007ffd34f30000 - 0x00007ffd35ab4000 	C:\Program Files\AdoptOpenJDK\jdk-15.0.0.36-hotspot\bin\server\jvm.dll
0x00007ffd9f170000 - 0x00007ffd9f213000 	C:\WINDOWS\System32\ADVAPI32.dll
0x00007ffd9ebc0000 - 0x00007ffd9ec57000 	C:\WINDOWS\System32\sechost.dll
0x00007ffd9ed00000 - 0x00007ffd9ed08000 	C:\WINDOWS\System32\PSAPI.DLL
0x00007ffd98ac0000 - 0x00007ffd98ac9000 	C:\WINDOWS\SYSTEM32\WSOCK32.dll
0x00007ffd8ddf0000 - 0x00007ffd8de14000 	C:\WINDOWS\SYSTEM32\WINMM.dll
0x00007ffd9eea0000 - 0x00007ffd9ef0f000 	C:\WINDOWS\System32\WS2_32.dll
0x00007ffd8dbe0000 - 0x00007ffd8dc0d000 	C:\WINDOWS\SYSTEM32\winmmbase.dll
0x00007ffd9d950000 - 0x00007ffd9d99a000 	C:\WINDOWS\System32\cfgmgr32.dll
0x00007ffd94660000 - 0x00007ffd9466a000 	C:\WINDOWS\SYSTEM32\VERSION.dll
0x00007ffd9ca80000 - 0x00007ffd9ca91000 	C:\WINDOWS\System32\kernel.appcore.dll
0x00007ffd992d0000 - 0x00007ffd992da000 	C:\Program Files\AdoptOpenJDK\jdk-15.0.0.36-hotspot\bin\jimage.dll
0x00007ffd93f90000 - 0x00007ffd94184000 	C:\WINDOWS\SYSTEM32\DBGHELP.DLL
0x00007ffd93ea0000 - 0x00007ffd93eca000 	C:\WINDOWS\SYSTEM32\dbgcore.DLL
0x00007ffd690f0000 - 0x00007ffd69115000 	C:\Program Files\AdoptOpenJDK\jdk-15.0.0.36-hotspot\bin\java.dll

dbghelp: loaded successfully - version: 4.0.5 - missing functions: none
symbol engine: initialized successfully - sym options: 0x614 - pdb path: .;C:\Program Files\AdoptOpenJDK\jdk-15.0.0.36-hotspot\bin;C:\WINDOWS\SYSTEM32;C:\WINDOWS\WinSxS\amd64_microsoft.windows.common-controls_6595b64144ccf1df_6.0.18362.1139_none_9e7bf2d3e4605ac6;C:\Program Files\AdoptOpenJDK\jdk-15.0.0.36-hotspot\bin\server

VM Arguments:
jvm_args: -Dfile.encoding=UTF-8 -XX:+ShowCodeDetailsInExceptionMessages 
java_command: br.com.cotacao.controller.test
java_class_path (initial): C:\Users\BRAINIAC\git\PrototipoViabilidadeCotacao\PrototipoViabilidadeCotacao\target\classes;C:\Users\BRAINIAC\.m2\repository\org\glassfish\javax.faces\2.2.10\javax.faces-2.2.10.jar;C:\Users\BRAINIAC\.m2\repository\org\primefaces\primefaces\7.0\primefaces-7.0.jar;C:\Users\BRAINIAC\.m2\repository\org\jboss\weld\servlet\weld-servlet\2.4.8.Final\weld-servlet-2.4.8.Final.jar;C:\Users\BRAINIAC\.m2\repository\org\hibernate\hibernate-core\4.3.9.Final\hibernate-core-4.3.9.Final.jar;C:\Users\BRAINIAC\.m2\repository\org\jboss\logging\jboss-logging\3.1.3.GA\jboss-logging-3.1.3.GA.jar;C:\Users\BRAINIAC\.m2\repository\org\jboss\logging\jboss-logging-annotations\1.2.0.Beta1\jboss-logging-annotations-1.2.0.Beta1.jar;C:\Users\BRAINIAC\.m2\repository\org\jboss\spec\javax\transaction\jboss-transaction-api_1.2_spec\1.0.0.Final\jboss-transaction-api_1.2_spec-1.0.0.Final.jar;C:\Users\BRAINIAC\.m2\repository\org\hibernate\common\hibernate-commons-annotations\4.0.5.Final\hibernate-commons-annotations-4.0.5.Final.jar;C:\Users\BRAINIAC\.m2\repository\org\hibernate\javax\persistence\hibernate-jpa-2.1-api\1.0.0.Final\hibernate-jpa-2.1-api-1.0.0.Final.jar;C:\Users\BRAINIAC\.m2\repository\org\javassist\javassist\3.18.1-GA\javassist-3.18.1-GA.jar;C:\Users\BRAINIAC\.m2\repository\antlr\antlr\2.7.7\antlr-2.7.7.jar;C:\Users\BRAINIAC\.m2\repository\org\jboss\jandex\1.1.0.Final\jandex-1.1.0.Final.jar;C:\Users\BRAINIAC\.m2\repository\org\hibernate\hibernate-entitymanager\4.3.9.Final\hibernate-entitymanager-4.3.9.Final.jar;C:\Users\BRAINIAC\.m2\repository\com\google\code\gson\gson\2.8.5\gson-2.8.5.jar;C:\Users\BRAINIAC\.m2\repository\com\fasterxml\jackson\core\jackson-annotations\2.11.2\jackson-annotations-2.11.2.jar;C:\Users\BRAINIAC\.m2\repository\org\springframework\spring-web\3.0.4.RELEASE\spring-web-3.0.4.RELEASE.jar;C:\Users\BRAINIAC\.m2\repository\aopalliance\aopalliance\1.0\aopalliance-1.0.jar;C:\Users\BRAINIAC\.m2\repository\org\springframework\spring-beans\3.0.4.R
Launcher Type: SUN_STANDARD

[Global flags]
     intx CICompilerCount                          = 3                                         {product} {ergonomic}
     uint ConcGCThreads                            = 1                                         {product} {ergonomic}
     uint G1ConcRefinementThreads                  = 4                                         {product} {ergonomic}
   size_t G1HeapRegionSize                         = 1048576                                   {product} {ergonomic}
    uintx GCDrainStackTargetSize                   = 64                                        {product} {ergonomic}
   size_t InitialHeapSize                          = 134217728                                 {product} {ergonomic}
   size_t MarkStackSize                            = 4194304                                   {product} {ergonomic}
   size_t MaxHeapSize                              = 2116026368                                {product} {ergonomic}
   size_t MinHeapDeltaBytes                        = 1048576                                   {product} {ergonomic}
   size_t MinHeapSize                              = 8388608                                   {product} {ergonomic}
    uintx NonNMethodCodeHeapSize                   = 5832780                                {pd product} {ergonomic}
    uintx NonProfiledCodeHeapSize                  = 122912730                              {pd product} {ergonomic}
    uintx ProfiledCodeHeapSize                     = 122912730                              {pd product} {ergonomic}
    uintx ReservedCodeCacheSize                    = 251658240                              {pd product} {ergonomic}
     bool SegmentedCodeCache                       = true                                      {product} {ergonomic}
     bool ShowCodeDetailsInExceptionMessages       = true                                   {manageable} {command line}
   size_t SoftMaxHeapSize                          = 2116026368                             {manageable} {ergonomic}
     bool UseCompressedClassPointers               = true                                 {lp64_product} {ergonomic}
     bool UseCompressedOops                        = true                                 {lp64_product} {ergonomic}
     bool UseG1GC                                  = true                                      {product} {ergonomic}
     bool UseLargePagesIndividualAllocation        = false                                  {pd product} {ergonomic}

Logging:
Log output configuration:
 #0: stdout all=warning uptime,level,tags
 #1: stderr all=off uptime,level,tags

Environment Variables:
JAVA_HOME=C:\Program Files\AdoptOpenJDK\jdk-15.0.0.36-hotspot\
PATH=C:/Program Files/AdoptOpenJDK/jdk-15.0.0.36-hotspot/bin/server;C:/Program Files/AdoptOpenJDK/jdk-15.0.0.36-hotspot/bin;C:\Program Files\Microsoft MPI\Bin\;C:\Program Files\AdoptOpenJDK\jdk-15.0.0.36-hotspot\bin;C:\Program Files\Common Files\Oracle\Java\javapath;C:\Program Files\Java\jdk-15;C:\Python38\Scripts\;C:\Python38\;C:\Program Files (x86)\Common Files\Oracle\Java\javapath;C:\WINDOWS\system32;C:\WINDOWS;C:\WINDOWS\System32\Wbem;C:\WINDOWS\System32\WindowsPowerShell\v1.0\;C:\WINDOWS\System32\OpenSSH\;C:\Program Files\AdoptOpenJDK\jdk-15.0.0.36-hotspot\\bin;C:\Program Files\dotnet\;C:\Program Files\Microsoft SQL Server\130\Tools\Binn\;C:\Program Files\Microsoft SQL Server\Client SDK\ODBC\170\Tools\Binn\;C:\Program Files\Git\cmd;C:\Program Files\nodejs\;C:\ProgramData\chocolatey\bin;C:\Program Files (x86)\MySQL\MySQL Utilities 1.6\;C:\Program Files (x86)\Microsoft SQL Server\150\Tools\Binn\;C:\Program Files\Microsoft SQL Server\150\Tools\Binn\;C:\Program Files (x86)\Microsoft SQL Server\150\DTS\Binn\;C:\Program Files\Microsoft SQL Server\150\DTS\Binn\;C:\Program Files\MySQL\MySQL Shell 8.0\bin\;C:\Users\BRAINIAC\AppData\Local\Programs\Microsoft VS Code\bin;C:\Users\BRAINIAC\Desktop\eclipse;
USERNAME=BRAINIAC
OS=Windows_NT
PROCESSOR_IDENTIFIER=Intel64 Family 6 Model 58 Stepping 9, GenuineIntel



---------------  S Y S T E M  ---------------

OS:
 Windows 10 , 64 bit Build 18362 (10.0.18362.1110)
OS uptime: 6 days 8:58 hours

CPU: total 4 (initial active 4) (2 cores per cpu, 2 threads per core) family 6 model 58 stepping 9, cmov, cx8, fxsr, mmx, sse, sse2, sse3, ssse3, sse4.1, sse4.2, popcnt, vzeroupper, avx, clmul, erms, ht, tsc, tscinvbit, tscinv, clflush

Memory: 4k page, system-wide physical 8068M (1175M free)
TotalPageFile size 32627M (AvailPageFile size 113M)
current process WorkingSet (physical memory assigned to process): 10M, peak: 10M
current process commit charge ("private bytes"): 52M, peak: 179M

vm_info: OpenJDK 64-Bit Server VM (15+36) for windows-amd64 JRE (15+36), built on Sep 15 2020 15:48:07 by "" with MS VC++ 15.9 (VS2017)

END.
